<?xml version="1.0" encoding="UTF-8"?>
<!-- Generated by org.testng.reporters.JUnitReportReporter -->
<testsuite hostname="DESKTOP-3R0P461" failures="0" tests="1" name="testcases_docker.ValidLogin" time="3.524" errors="0" timestamp="2023-10-05T13:28:28 IST" skipped="0">
  <testcase classname="testcases_docker.ValidLogin" name="testclass" time="3.524"/>
  <system-out/>
</testsuite> <!-- testcases_docker.ValidLogin -->
