<?xml version="1.0" encoding="UTF-8"?>
<!-- Generated by org.testng.reporters.JUnitReportReporter -->
<testsuite hostname="DESKTOP-3R0P461" failures="0" tests="1" name="testcases_docker.InvalidLogin" time="0.625" errors="0" timestamp="2023-10-04T13:14:52 IST" skipped="0">
  <testcase classname="testcases_docker.InvalidLogin" name="testclass" time="0.625"/>
  <system-out/>
</testsuite> <!-- testcases_docker.InvalidLogin -->
